2024-11-26 17:22:29,904 INFO: Store App startup [in c:\Users\Daniel Moreira\Documents\store_app\app\__init__.py:54]
2024-11-26 17:22:47,018 ERROR: Erro no dashboard financeiro: expected token ',', got 'for' [in c:\Users\Daniel Moreira\Documents\store_app\app\finance_routes.py:109]
2024-11-26 17:22:54,245 ERROR: Erro no dashboard financeiro: expected token ',', got 'for' [in c:\Users\Daniel Moreira\Documents\store_app\app\finance_routes.py:109]
2024-11-26 17:23:01,510 ERROR: Erro no dashboard financeiro: expected token ',', got 'for' [in c:\Users\Daniel Moreira\Documents\store_app\app\finance_routes.py:109]
2024-11-26 17:23:02,938 ERROR: Erro no dashboard financeiro: expected token ',', got 'for' [in c:\Users\Daniel Moreira\Documents\store_app\app\finance_routes.py:109]
2024-11-26 17:23:06,499 ERROR: Erro no dashboard financeiro: expected token ',', got 'for' [in c:\Users\Daniel Moreira\Documents\store_app\app\finance_routes.py:109]
2024-11-26 17:24:28,400 INFO: Store App startup [in c:\Users\Daniel Moreira\Documents\store_app\app\__init__.py:56]
2024-11-26 17:24:43,778 ERROR: Erro no dashboard financeiro: expected token ',', got 'for' [in c:\Users\Daniel Moreira\Documents\store_app\app\finance_routes.py:109]
2024-11-26 17:27:23,966 INFO: Store App startup [in C:\Users\Daniel Moreira\Documents\store_app\app\__init__.py:55]
2024-11-26 17:27:26,852 INFO: Store App startup [in C:\Users\Daniel Moreira\Documents\store_app\app\__init__.py:55]
2024-11-26 17:29:13,485 INFO: Store App startup [in C:\Users\Daniel Moreira\Documents\store_app\app\__init__.py:55]
2024-11-26 17:31:04,824 INFO: Store App startup [in C:\Users\Daniel Moreira\Documents\store_app\app\__init__.py:55]
2024-11-26 17:33:43,702 INFO: Store App startup [in C:\Users\Daniel Moreira\Documents\store_app\app\__init__.py:55]
2024-11-26 17:36:08,107 INFO: Store App startup [in C:\Users\Daniel Moreira\Documents\store_app\app\__init__.py:55]
2024-11-26 17:37:33,638 INFO: Store App startup [in C:\Users\Daniel Moreira\Documents\store_app\app\__init__.py:55]
2024-11-26 17:41:26,395 INFO: Store App startup [in C:\Users\Daniel Moreira\Documents\store_app\app\__init__.py:55]
2024-11-26 17:43:23,098 INFO: Store App startup [in C:\Users\Daniel Moreira\Documents\store_app\app\__init__.py:55]
2024-11-26 17:44:57,147 INFO: Store App startup [in C:\Users\Daniel Moreira\Documents\store_app\app\__init__.py:55]
2024-11-26 17:47:21,982 INFO: Store App startup [in C:\Users\Daniel Moreira\Documents\store_app\app\__init__.py:55]
2024-11-26 17:53:22,290 INFO: Store App startup [in C:\Users\Daniel Moreira\Documents\store_app\app\__init__.py:55]
2024-11-26 17:56:48,925 INFO: Store App startup [in C:\Users\Daniel Moreira\Documents\store_app\app\__init__.py:55]
2024-11-26 18:06:04,679 ERROR: Erro inesperado ao processar a venda: name 'decimal' is not defined [in C:\Users\Daniel Moreira\Documents\store_app\app\routes.py:283]
2024-11-26 18:07:08,280 INFO: Store App startup [in C:\Users\Daniel Moreira\Documents\store_app\app\__init__.py:55]
2024-11-26 18:07:37,434 ERROR: Erro inesperado ao processar a venda: name 'decimal' is not defined [in C:\Users\Daniel Moreira\Documents\store_app\app\routes.py:284]
2024-11-26 18:09:30,482 INFO: Store App startup [in C:\Users\Daniel Moreira\Documents\store_app\app\__init__.py:55]
2024-11-26 18:10:04,958 ERROR: Erro inesperado ao processar a venda: 'debit_card' [in C:\Users\Daniel Moreira\Documents\store_app\app\routes.py:284]
2024-11-26 18:10:34,985 INFO: Store App startup [in C:\Users\Daniel Moreira\Documents\store_app\app\__init__.py:55]
